<?xml version="1.0" encoding="UTF-8"?>
<!-- Generated by org.testng.reporters.JUnitReportReporter -->
<testsuite hostname="Nellys-MacBook-Pro.local" failures="0" tests="1" name="Sanity_test.web_cookunity_test" time="17.356" errors="0" timestamp="2025-05-28T19:32:26 PET" skipped="0">
  <testcase classname="Sanity_test.web_cookunity_test" name="testMealPlanSelection" time="17.356"/>
</testsuite> <!-- Sanity_test.web_cookunity_test -->
